Started GET "/" for 127.0.0.1 at 2022-02-21 16:11:37 +0100
  [1m[35m (14.9ms)[0m  [1m[34mSELECT sqlite_version(*)[0m
Processing by Rails::WelcomeController#index as HTML
  Rendering /home/emmy/.rbenv/versions/3.1.0/lib/ruby/gems/3.1.0/gems/railties-7.0.2.2/lib/rails/templates/rails/welcome/index.html.erb
  Rendered /home/emmy/.rbenv/versions/3.1.0/lib/ruby/gems/3.1.0/gems/railties-7.0.2.2/lib/rails/templates/rails/welcome/index.html.erb (Duration: 4.0ms | Allocations: 912)
Completed 200 OK in 68ms (Views: 22.2ms | ActiveRecord: 0.0ms | Allocations: 7962)


Started GET "/pages" for 127.0.0.1 at 2022-02-21 16:13:50 +0100
  
ActionController::RoutingError (No route matches [GET] "/pages"):
  
Started GET "/pages/hello" for 127.0.0.1 at 2022-02-21 16:15:00 +0100
Processing by PagesController#hello as HTML
  Rendering layout layouts/application.html.erb
  Rendering pages/hello.html.erb within layouts/application
  Rendered pages/hello.html.erb within layouts/application (Duration: 2.6ms | Allocations: 197)
  Rendered layout layouts/application.html.erb (Duration: 1026.0ms | Allocations: 85125)
Completed 200 OK in 1036ms (Views: 1033.4ms | Allocations: 86424)


Started GET "/pages/hello" for 127.0.0.1 at 2022-02-21 16:17:15 +0100
Processing by PagesController#hello as HTML
  Rendering layout layouts/application.html.erb
  Rendering pages/hello.html.erb within layouts/application
  Rendered pages/hello.html.erb within layouts/application (Duration: 7.7ms | Allocations: 195)
  Rendered layout layouts/application.html.erb (Duration: 33.9ms | Allocations: 2987)
Completed 200 OK in 51ms (Views: 46.9ms | Allocations: 4144)


Started GET "/" for 127.0.0.1 at 2022-02-21 16:20:33 +0100
  [1m[35m (2.1ms)[0m  [1m[34mSELECT sqlite_version(*)[0m
Processing by PagesController#hello as HTML
  Rendering layout layouts/application.html.erb
  Rendering pages/hello.html.erb within layouts/application
  Rendered pages/hello.html.erb within layouts/application (Duration: 3.3ms | Allocations: 458)
  Rendered layout layouts/application.html.erb (Duration: 279.9ms | Allocations: 34826)
Completed 200 OK in 310ms (Views: 292.0ms | ActiveRecord: 0.0ms | Allocations: 40839)


